2017-12-12T21:32:07.498Z - normal: Load ~/.CocosCreator/settings.json
2017-12-12T21:32:07.498Z - normal: checking language setting...
2017-12-12T21:32:07.498Z - normal: Language: en
2017-12-12T21:32:09.058Z - success: protocol editor-framework registered
2017-12-12T21:32:09.058Z - success: protocol app registered
2017-12-12T21:32:09.058Z - success: protocol theme registered
2017-12-12T21:32:09.058Z - success: protocol profile registered
2017-12-12T21:32:09.058Z - success: protocol packages registered
2017-12-12T21:32:09.058Z - success: protocol unpack registerred
2017-12-12T21:32:09.058Z - success: protocol disable-commonjs registerred
2017-12-12T21:32:09.068Z - normal: failed to connect login server... skipping login
2017-12-12T21:32:09.068Z - normal: Check project C:\JogosCocos\EducaRedes
2017-12-12T21:32:09.078Z - normal: Initializing Cocos2d
2017-12-12T21:32:09.348Z - normal: Initializing Asset Database
2017-12-12T21:32:09.388Z - success: protocol uuid registerred
2017-12-12T21:32:09.388Z - success: protocol db registerred
2017-12-12T21:32:09.388Z - success: protocol thumbnail registerred
2017-12-12T21:32:09.388Z - normal: Loading editor/builtin packages
2017-12-12T21:32:09.418Z - success: anysdk loaded
2017-12-12T21:32:09.598Z - success: assets loaded
2017-12-12T21:32:09.598Z - success: builder loaded
2017-12-12T21:32:09.598Z - success: hierarchy loaded
2017-12-12T21:32:09.608Z - success: inspector loaded
2017-12-12T21:32:09.608Z - success: keystore loaded
2017-12-12T21:32:09.608Z - success: node-library loaded
2017-12-12T21:32:09.608Z - success: package-asset loaded
2017-12-12T21:32:09.618Z - success: preferences loaded
2017-12-12T21:32:09.628Z - success: project-importer loaded
2017-12-12T21:32:09.638Z - success: project-settings loaded
2017-12-12T21:32:09.638Z - success: ui-kit loaded
2017-12-12T21:32:09.638Z - success: ui-grid loaded
2017-12-12T21:32:09.648Z - success: scene loaded
2017-12-12T21:32:09.648Z - success: sprite-editor loaded
2017-12-12T21:32:09.648Z - success: store loaded
2017-12-12T21:32:09.658Z - success: timeline loaded
2017-12-12T21:32:09.658Z - normal: Loading builtin packages
2017-12-12T21:32:09.658Z - success: asset-db-debugger loaded
2017-12-12T21:32:09.658Z - success: code-editor loaded
2017-12-12T21:32:09.658Z - success: color-picker loaded
2017-12-12T21:32:09.668Z - success: console loaded
2017-12-12T21:32:09.668Z - success: package-manager loaded
2017-12-12T21:32:09.688Z - error: Error: getaddrinfo ENOENT metrics.sdkbox.com:80
    at Object.exports._errnoException (util.js:1026:11)
    at errnoException (dns.js:33:15)
    at GetAddrInfoReqWrap.onlookup [as oncomplete] (dns.js:76:26)
    at process.<anonymous> (C:\CocosCreator\resources\app.asar\editor\core\editor-init.js:1:983)
    at emitOne (events.js:101:20)
    at process.emit (events.js:188:7)
    at process._fatalException (bootstrap_node.js:304:26)
2017-12-12T21:32:09.688Z - success: sdkbox loaded
2017-12-12T21:32:09.688Z - success: tester loaded
2017-12-12T21:32:09.688Z - success: ui-kit-preview-extra loaded
2017-12-12T21:32:09.698Z - success: ui-kit-preview loaded
2017-12-12T21:32:09.698Z - success: ui-tree loaded
2017-12-12T21:32:10.858Z - normal: Initializing project C:\JogosCocos\EducaRedes
2017-12-12T21:32:10.858Z - normal: Loading packages
2017-12-12T21:32:10.878Z - error: Failed to add menu to Extension/SDKBox,
          a menu item Extension/SDKBox/Launch you tried to add already exists
    at i (C:\CocosCreator\resources\app.asar\editor-framework\lib\main\menu.js:1:5776)
    at e.value (C:\CocosCreator\resources\app.asar\editor-framework\lib\main\menu.js:1:5940)
    at Object.MainMenu.add (C:\CocosCreator\resources\app.asar\editor-framework\lib\main\main-menu.js:1:4335)
    at C:\CocosCreator\resources\app.asar\editor-framework\lib\main\package.js:1:3051
    at C:\CocosCreator\resources\app.asar\node_modules\async\lib\async.js:718:13
    at Immediate.iterate (C:\CocosCreator\resources\app.asar\node_modules\async\lib\async.js:262:13)
    at runCallback (timers.js:574:20)
    at tryOnImmediate (timers.js:554:5)
    at processImmediate [as _immediateCallback] (timers.js:533:5)
2017-12-12T21:32:10.878Z - error: Failed to add menu to Extension/SDKBox,
          a menu item Extension/SDKBox/UpdateInstaller you tried to add already exists
    at i (C:\CocosCreator\resources\app.asar\editor-framework\lib\main\menu.js:1:5776)
    at e.value (C:\CocosCreator\resources\app.asar\editor-framework\lib\main\menu.js:1:5940)
    at Object.MainMenu.add (C:\CocosCreator\resources\app.asar\editor-framework\lib\main\main-menu.js:1:4335)
    at C:\CocosCreator\resources\app.asar\editor-framework\lib\main\package.js:1:3051
    at C:\CocosCreator\resources\app.asar\node_modules\async\lib\async.js:718:13
    at Immediate.iterate (C:\CocosCreator\resources\app.asar\node_modules\async\lib\async.js:262:13)
    at runCallback (timers.js:574:20)
    at tryOnImmediate (timers.js:554:5)
    at processImmediate [as _immediateCallback] (timers.js:533:5)
2017-12-12T21:32:10.888Z - error: Error: getaddrinfo ENOENT metrics.sdkbox.com:80
    at Object.exports._errnoException (util.js:1026:11)
    at errnoException (dns.js:33:15)
    at GetAddrInfoReqWrap.onlookup [as oncomplete] (dns.js:76:26)
    at process.<anonymous> (C:\CocosCreator\resources\app.asar\editor\core\editor-init.js:1:983)
    at emitOne (events.js:101:20)
    at process.emit (events.js:188:7)
    at process._fatalException (bootstrap_node.js:304:26)
2017-12-12T21:32:10.888Z - success: sdkbox loaded
2017-12-12T21:32:10.888Z - normal: Watching packages
2017-12-12T21:32:10.948Z - normal: Run Application
2017-12-12T21:32:12.130Z - success: preview server running at http://localhost:7456
2017-12-12T21:32:17.682Z - normal: 1.5.1
2017-12-12T21:32:54.231Z - normal: Start building with options : {
  "androidStudio": true,
  "apiLevel": "",
  "appABIs": [],
  "appKey": "",
  "appSecret": "",
  "buildPath": "C:\\JogosCocos\\EducaRedes\\build",
  "debug": false,
  "dest": "C:\\JogosCocos\\EducaRedes\\build\\web-mobile",
  "excludedModules": [],
  "includeAnySDK": false,
  "inlineSpriteFrames": true,
  "inlineSpriteFrames_native": true,
  "mergeStartScene": false,
  "oauthLoginServer": "",
  "optimizeHotUpdate": false,
  "orientation": {
    "landscapeLeft": true,
    "landscapeRight": true,
    "portrait": false,
    "upsideDown": false
  },
  "packageName": "org.cocos2d.EducaRedes",
  "platform": "web-mobile",
  "previewHeight": 720,
  "previewWidth": 1280,
  "privateKey": "",
  "renderMode": "0",
  "scenes": [
    {
      "url": "db://assets/scenes/logo.fire",
      "uuid": "d24c8a04-c532-41c1-8cd4-e300801091ca"
    },
    {
      "url": "db://assets/scenes/fases/fase1.fire",
      "uuid": "59d92acb-d873-43c6-8da9-3250cc79a965"
    },
    {
      "url": "db://assets/scenes/fases/fase2.fire",
      "uuid": "c835567d-6026-42b2-90e1-01b903e0975e"
    },
    {
      "url": "db://assets/scenes/fases/fase3.fire",
      "uuid": "a643934e-1b58-415c-9f9d-1eec6526e4e1"
    },
    {
      "url": "db://assets/scenes/fases/fase4.fire",
      "uuid": "b46ea76b-fef4-4fb0-9eca-90739ca00b5c"
    },
    {
      "url": "db://assets/scenes/fases/fase5.fire",
      "uuid": "10fd56bb-a147-45ab-aaa0-f0abbfe83eed"
    },
    {
      "url": "db://assets/scenes/jogos/jogoFase1-1.fire",
      "uuid": "c2450dd6-b026-4a14-90d4-d7d9063f34d0"
    },
    {
      "url": "db://assets/scenes/jogos/jogoFase1.fire",
      "uuid": "d9ff7308-a36a-4aa9-8203-de228b2386d3"
    },
    {
      "url": "db://assets/scenes/jogos/jogoFase2.fire",
      "uuid": "43da3ba4-5a5e-4175-a50c-c927d6e56320"
    },
    {
      "url": "db://assets/scenes/jogos/jogoFase3.fire",
      "uuid": "4b29766e-d194-4982-b628-98daca6c59f3"
    },
    {
      "url": "db://assets/scenes/jogos/jogoFase4.fire",
      "uuid": "1c8cefff-0d61-4b74-adf6-8668d6f81c21"
    },
    {
      "url": "db://assets/scenes/credits.fire",
      "uuid": "7eaf6153-f18e-4d1c-837c-5a1615737063"
    },
    {
      "url": "db://assets/scenes/main.fire",
      "uuid": "afcad128-7f4f-40cd-9c8d-0374b7dcc8fb"
    },
    {
      "url": "db://assets/scenes/opcoes.fire",
      "uuid": "f1922c75-d02f-4231-a0a7-8152cb42c727"
    },
    {
      "url": "db://assets/scenes/quiz/quizFase1.fire",
      "uuid": "56608ed1-bdf4-4826-91d8-e11f737bd775"
    },
    {
      "url": "db://assets/scenes/quiz/quizFase2.fire",
      "uuid": "fdcdd846-4a0b-4c96-bbf3-ff04e747a642"
    },
    {
      "url": "db://assets/scenes/quiz/quizFase3.fire",
      "uuid": "d3ab1b16-fe7b-4d53-b125-0cfd52459595"
    },
    {
      "url": "db://assets/scenes/quiz/quizFase4.fire",
      "uuid": "e032f4c8-448e-4c83-9b13-e0c877e67a19"
    },
    {
      "url": "db://assets/scenes/quiz/quizFase5.fire",
      "uuid": "22be01d4-b9d7-4036-aad9-de270d52c60e"
    },
    {
      "url": "db://assets/scenes/selectFase.fire",
      "uuid": "5f9d7401-1d4a-4dc0-a933-92c6d4c8bb36"
    }
  ],
  "sourceMaps": false,
  "startScene": "d24c8a04-c532-41c1-8cd4-e300801091ca",
  "template": "default",
  "title": "EducaRedes",
  "useDebugKeystore": true,
  "vsVersion": "2015",
  "webOrientation": "auto",
  "project": "C:\\JogosCocos\\EducaRedes",
  "projectName": "EducaRedes",
  "runtimePath": "C:\\CocosCreator\\resources\\engine",
  "debugBuildWorker": false
}
2017-12-12T21:32:54.234Z - normal: Building C:\JogosCocos\EducaRedes
2017-12-12T21:32:54.234Z - normal: Destination C:\JogosCocos\EducaRedes\build\web-mobile
2017-12-12T21:32:54.721Z - normal: Delete C:\JogosCocos\EducaRedes\build\web-mobile\res/**/*
2017-12-12T21:32:54.724Z - normal: Delete C:\JogosCocos\EducaRedes\build\web-mobile\src/*/
2017-12-12T21:32:58.825Z - normal: Compiled project javascript file successfully
2017-12-12T21:32:58.825Z - normal: Start building assets
2017-12-12T21:32:58.825Z - normal: Start spawn build-worker
2017-12-12T21:32:59.820Z - normal: Finish spawn build-worker
2017-12-12T21:32:59.820Z - normal: Start init build-worker
2017-12-12T21:33:02.498Z - normal: 1.5.1
2017-12-12T21:33:02.660Z - normal: Finish init build-worker
2017-12-12T21:33:02.660Z - normal: Start build-assets in worker
2017-12-12T21:33:04.778Z - normal: Finish build-assets in worker
2017-12-12T21:33:04.785Z - normal: Finish building assets
2017-12-12T21:33:04.900Z - normal: Start building raw assets
2017-12-12T21:33:04.902Z - normal: [build-raw-assets] Start copying C:\JogosCocos\EducaRedes\assets\textures\Fase 3\linha.png to C:\JogosCocos\EducaRedes\build\web-mobile\res\raw-assets\textures\Fase 3\linha.png
2017-12-12T21:33:04.902Z - normal: [build-raw-assets] Start copying C:\JogosCocos\EducaRedes\assets\Music\Main Menu Song.mp3 to C:\JogosCocos\EducaRedes\build\web-mobile\res\raw-assets\Music\Main Menu Song.mp3
2017-12-12T21:33:04.905Z - normal: [build-raw-assets] Start copying C:\JogosCocos\EducaRedes\assets\textures\prof5mainmenu.png to C:\JogosCocos\EducaRedes\build\web-mobile\res\raw-assets\textures\prof5mainmenu.png
2017-12-12T21:33:04.905Z - normal: [build-raw-assets] Start copying C:\JogosCocos\EducaRedes\assets\textures\Fase 3\respostaserrada.png to C:\JogosCocos\EducaRedes\build\web-mobile\res\raw-assets\textures\Fase 3\respostaserrada.png
2017-12-12T21:33:04.905Z - normal: [build-raw-assets] Start copying C:\JogosCocos\EducaRedes\assets\Music\Professor4 explaining.mp3 to C:\JogosCocos\EducaRedes\build\web-mobile\res\raw-assets\Music\Professor4 explaining.mp3
2017-12-12T21:33:04.905Z - normal: [build-raw-assets] Start copying C:\JogosCocos\EducaRedes\assets\textures\Fase 4\faceProfessor4.png to C:\JogosCocos\EducaRedes\build\web-mobile\res\raw-assets\textures\Fase 4\faceProfessor4.png
2017-12-12T21:33:04.905Z - normal: [build-raw-assets] Start copying C:\JogosCocos\EducaRedes\assets\textures\Fase 3\tutorial2.png to C:\JogosCocos\EducaRedes\build\web-mobile\res\raw-assets\textures\Fase 3\tutorial2.png
2017-12-12T21:33:04.905Z - normal: [build-raw-assets] Start copying C:\JogosCocos\EducaRedes\assets\Music\Professor3 explaining again.mp3 to C:\JogosCocos\EducaRedes\build\web-mobile\res\raw-assets\Music\Professor3 explaining again.mp3
2017-12-12T21:33:04.905Z - normal: [build-raw-assets] Start copying C:\JogosCocos\EducaRedes\assets\textures\Fase 4\bg.jpg to C:\JogosCocos\EducaRedes\build\web-mobile\res\raw-assets\textures\Fase 4\bg.jpg
2017-12-12T21:33:04.905Z - normal: [build-raw-assets] Start copying C:\JogosCocos\EducaRedes\assets\textures\prof4mainmenu.png to C:\JogosCocos\EducaRedes\build\web-mobile\res\raw-assets\textures\prof4mainmenu.png
2017-12-12T21:33:04.905Z - normal: [build-raw-assets] Start copying C:\JogosCocos\EducaRedes\assets\textures\Fase 3\pacote3.png to C:\JogosCocos\EducaRedes\build\web-mobile\res\raw-assets\textures\Fase 3\pacote3.png
2017-12-12T21:33:04.905Z - normal: [build-raw-assets] Start copying C:\JogosCocos\EducaRedes\assets\textures\Fase 1\eixoy.png to C:\JogosCocos\EducaRedes\build\web-mobile\res\raw-assets\textures\Fase 1\eixoy.png
2017-12-12T21:33:04.905Z - normal: [build-raw-assets] Start copying C:\JogosCocos\EducaRedes\assets\textures\Fase 2\respostaserrada.png to C:\JogosCocos\EducaRedes\build\web-mobile\res\raw-assets\textures\Fase 2\respostaserrada.png
2017-12-12T21:33:04.905Z - normal: [build-raw-assets] Start copying C:\JogosCocos\EducaRedes\assets\textures\Fase 1\buttontryagain.png to C:\JogosCocos\EducaRedes\build\web-mobile\res\raw-assets\textures\Fase 1\buttontryagain.png
2017-12-12T21:33:04.907Z - normal: [build-raw-assets] Start copying C:\JogosCocos\EducaRedes\assets\textures\Fase 3\respostascorreta.png to C:\JogosCocos\EducaRedes\build\web-mobile\res\raw-assets\textures\Fase 3\respostascorreta.png
2017-12-12T21:33:04.907Z - normal: [build-raw-assets] Start copying C:\JogosCocos\EducaRedes\assets\textures\Fase 4\respostascorreta.png to C:\JogosCocos\EducaRedes\build\web-mobile\res\raw-assets\textures\Fase 4\respostascorreta.png
2017-12-12T21:33:04.907Z - normal: [build-raw-assets] Start copying C:\JogosCocos\EducaRedes\assets\textures\Fase 4\tutorial1.png to C:\JogosCocos\EducaRedes\build\web-mobile\res\raw-assets\textures\Fase 4\tutorial1.png
2017-12-12T21:33:04.907Z - normal: [build-raw-assets] Start copying C:\JogosCocos\EducaRedes\assets\textures\Fase 1\respostaserrada.png to C:\JogosCocos\EducaRedes\build\web-mobile\res\raw-assets\textures\Fase 1\respostaserrada.png
2017-12-12T21:33:04.907Z - normal: [build-raw-assets] Start copying C:\JogosCocos\EducaRedes\assets\textures\Fase5\respostas.png to C:\JogosCocos\EducaRedes\build\web-mobile\res\raw-assets\textures\Fase5\respostas.png
2017-12-12T21:33:04.907Z - normal: [build-raw-assets] Start copying C:\JogosCocos\EducaRedes\assets\textures\Fase 4\textwrapper4.png to C:\JogosCocos\EducaRedes\build\web-mobile\res\raw-assets\textures\Fase 4\textwrapper4.png
2017-12-12T21:33:04.907Z - normal: [build-raw-assets] Start copying C:\JogosCocos\EducaRedes\assets\textures\Fase 3\mensagem.png to C:\JogosCocos\EducaRedes\build\web-mobile\res\raw-assets\textures\Fase 3\mensagem.png
2017-12-12T21:33:04.907Z - normal: [build-raw-assets] Start copying C:\JogosCocos\EducaRedes\assets\textures\prof2mainmenu.png to C:\JogosCocos\EducaRedes\build\web-mobile\res\raw-assets\textures\prof2mainmenu.png
2017-12-12T21:33:04.907Z - normal: [build-raw-assets] Start copying C:\JogosCocos\EducaRedes\assets\textures\Buttons\faixa5.png to C:\JogosCocos\EducaRedes\build\web-mobile\res\raw-assets\textures\Buttons\faixa5.png
2017-12-12T21:33:04.907Z - normal: [build-raw-assets] Start copying C:\JogosCocos\EducaRedes\assets\textures\Fase 1\eixox.png to C:\JogosCocos\EducaRedes\build\web-mobile\res\raw-assets\textures\Fase 1\eixox.png
2017-12-12T21:33:04.907Z - normal: [build-raw-assets] Start copying C:\JogosCocos\EducaRedes\assets\textures\Fase 1\textwrapper1.png to C:\JogosCocos\EducaRedes\build\web-mobile\res\raw-assets\textures\Fase 1\textwrapper1.png
2017-12-12T21:33:04.907Z - normal: [build-raw-assets] Start copying C:\JogosCocos\EducaRedes\assets\textures\Fase 4\tutorial2.png to C:\JogosCocos\EducaRedes\build\web-mobile\res\raw-assets\textures\Fase 4\tutorial2.png
2017-12-12T21:33:04.907Z - normal: [build-raw-assets] Start copying C:\JogosCocos\EducaRedes\assets\textures\Fase 3\bgfase1.jpg to C:\JogosCocos\EducaRedes\build\web-mobile\res\raw-assets\textures\Fase 3\bgfase1.jpg
2017-12-12T21:33:04.910Z - normal: [build-raw-assets] Start copying C:\JogosCocos\EducaRedes\assets\textures\Fase 1\buttonup.png to C:\JogosCocos\EducaRedes\build\web-mobile\res\raw-assets\textures\Fase 1\buttonup.png
2017-12-12T21:33:04.910Z - normal: [build-raw-assets] Start copying C:\JogosCocos\EducaRedes\assets\textures\Buttons\btnContinuar.png to C:\JogosCocos\EducaRedes\build\web-mobile\res\raw-assets\textures\Buttons\btnContinuar.png
2017-12-12T21:33:04.910Z - normal: [build-raw-assets] Start copying C:\JogosCocos\EducaRedes\assets\textures\Buttons\btnBack.png to C:\JogosCocos\EducaRedes\build\web-mobile\res\raw-assets\textures\Buttons\btnBack.png
2017-12-12T21:33:04.910Z - normal: [build-raw-assets] Start copying C:\JogosCocos\EducaRedes\assets\textures\Fase 3\pacote1.png to C:\JogosCocos\EducaRedes\build\web-mobile\res\raw-assets\textures\Fase 3\pacote1.png
2017-12-12T21:33:04.910Z - normal: [build-raw-assets] Start copying C:\JogosCocos\EducaRedes\assets\textures\Fase 2\textwrapper2.png to C:\JogosCocos\EducaRedes\build\web-mobile\res\raw-assets\textures\Fase 2\textwrapper2.png
2017-12-12T21:33:04.910Z - normal: [build-raw-assets] Start copying C:\JogosCocos\EducaRedes\assets\textures\Buttons\btnNovoJogo.png to C:\JogosCocos\EducaRedes\build\web-mobile\res\raw-assets\textures\Buttons\btnNovoJogo.png
2017-12-12T21:33:04.910Z - normal: [build-raw-assets] Start copying C:\JogosCocos\EducaRedes\assets\textures\Fase 1\Prof1.png to C:\JogosCocos\EducaRedes\build\web-mobile\res\raw-assets\textures\Fase 1\Prof1.png
2017-12-12T21:33:04.910Z - normal: [build-raw-assets] Start copying C:\JogosCocos\EducaRedes\assets\textures\Fase 1\art2.jpg to C:\JogosCocos\EducaRedes\build\web-mobile\res\raw-assets\textures\Fase 1\art2.jpg
2017-12-12T21:33:04.910Z - normal: [build-raw-assets] Start copying C:\JogosCocos\EducaRedes\assets\textures\Fase 4\skype.png to C:\JogosCocos\EducaRedes\build\web-mobile\res\raw-assets\textures\Fase 4\skype.png
2017-12-12T21:33:04.910Z - normal: [build-raw-assets] Start copying C:\JogosCocos\EducaRedes\assets\Music\Professor1 explaining.mp3 to C:\JogosCocos\EducaRedes\build\web-mobile\res\raw-assets\Music\Professor1 explaining.mp3
2017-12-12T21:33:04.910Z - normal: [build-raw-assets] Start copying C:\JogosCocos\EducaRedes\assets\textures\Fase 3\bg.jpg to C:\JogosCocos\EducaRedes\build\web-mobile\res\raw-assets\textures\Fase 3\bg.jpg
2017-12-12T21:33:04.910Z - normal: [build-raw-assets] Start copying C:\JogosCocos\EducaRedes\assets\textures\Fase 2\modelorede.png to C:\JogosCocos\EducaRedes\build\web-mobile\res\raw-assets\textures\Fase 2\modelorede.png
2017-12-12T21:33:04.910Z - normal: [build-raw-assets] Start copying C:\JogosCocos\EducaRedes\assets\textures\Fase 1\buttonfront.png to C:\JogosCocos\EducaRedes\build\web-mobile\res\raw-assets\textures\Fase 1\buttonfront.png
2017-12-12T21:33:04.910Z - normal: [build-raw-assets] Start copying C:\JogosCocos\EducaRedes\assets\textures\Fase 2\respostascorreta.png to C:\JogosCocos\EducaRedes\build\web-mobile\res\raw-assets\textures\Fase 2\respostascorreta.png
2017-12-12T21:33:04.912Z - normal: [build-raw-assets] Start copying C:\JogosCocos\EducaRedes\assets\textures\Fase5\textwrapper5.png to C:\JogosCocos\EducaRedes\build\web-mobile\res\raw-assets\textures\Fase5\textwrapper5.png
2017-12-12T21:33:04.912Z - normal: [build-raw-assets] Start copying C:\JogosCocos\EducaRedes\assets\textures\Buttons\btnCamada1.png to C:\JogosCocos\EducaRedes\build\web-mobile\res\raw-assets\textures\Buttons\btnCamada1.png
2017-12-12T21:33:04.912Z - normal: [build-raw-assets] Start copying C:\JogosCocos\EducaRedes\assets\textures\Buttons\btnFront.png to C:\JogosCocos\EducaRedes\build\web-mobile\res\raw-assets\textures\Buttons\btnFront.png
2017-12-12T21:33:04.912Z - normal: [build-raw-assets] Start copying C:\JogosCocos\EducaRedes\assets\textures\Buttons\btnCamada4.png to C:\JogosCocos\EducaRedes\build\web-mobile\res\raw-assets\textures\Buttons\btnCamada4.png
2017-12-12T21:33:04.912Z - normal: [build-raw-assets] Start copying C:\JogosCocos\EducaRedes\assets\Music\final test.mp3 to C:\JogosCocos\EducaRedes\build\web-mobile\res\raw-assets\Music\final test.mp3
2017-12-12T21:33:04.912Z - normal: [build-raw-assets] Start copying C:\JogosCocos\EducaRedes\assets\textures\Fase 3\topquizbg.jpg to C:\JogosCocos\EducaRedes\build\web-mobile\res\raw-assets\textures\Fase 3\topquizbg.jpg
2017-12-12T21:33:04.912Z - normal: [build-raw-assets] Start copying C:\JogosCocos\EducaRedes\assets\Music\Professor1 explaining again.mp3 to C:\JogosCocos\EducaRedes\build\web-mobile\res\raw-assets\Music\Professor1 explaining again.mp3
2017-12-12T21:33:04.912Z - normal: [build-raw-assets] Start copying C:\JogosCocos\EducaRedes\assets\textures\Fase 4\filezilla.png to C:\JogosCocos\EducaRedes\build\web-mobile\res\raw-assets\textures\Fase 4\filezilla.png
2017-12-12T21:33:04.912Z - normal: [build-raw-assets] Start copying C:\JogosCocos\EducaRedes\assets\textures\prof3mainmenu.png to C:\JogosCocos\EducaRedes\build\web-mobile\res\raw-assets\textures\prof3mainmenu.png
2017-12-12T21:33:04.917Z - normal: [build-raw-assets] Start copying C:\JogosCocos\EducaRedes\assets\textures\Fase 2\tutorial3.png to C:\JogosCocos\EducaRedes\build\web-mobile\res\raw-assets\textures\Fase 2\tutorial3.png
2017-12-12T21:33:04.917Z - normal: [build-raw-assets] Start copying C:\JogosCocos\EducaRedes\assets\textures\Buttons\btnSelectStage.png to C:\JogosCocos\EducaRedes\build\web-mobile\res\raw-assets\textures\Buttons\btnSelectStage.png
2017-12-12T21:33:04.917Z - normal: [build-raw-assets] Start copying C:\JogosCocos\EducaRedes\assets\textures\Fase 1\bg2.jpg to C:\JogosCocos\EducaRedes\build\web-mobile\res\raw-assets\textures\Fase 1\bg2.jpg
2017-12-12T21:33:04.917Z - normal: [build-raw-assets] Start copying C:\JogosCocos\EducaRedes\assets\textures\Fase 1\linha.png to C:\JogosCocos\EducaRedes\build\web-mobile\res\raw-assets\textures\Fase 1\linha.png
2017-12-12T21:33:04.917Z - normal: [build-raw-assets] Start copying C:\JogosCocos\EducaRedes\assets\textures\Fase 2\topquizbg.png to C:\JogosCocos\EducaRedes\build\web-mobile\res\raw-assets\textures\Fase 2\topquizbg.png
2017-12-12T21:33:04.917Z - normal: [build-raw-assets] Start copying C:\JogosCocos\EducaRedes\assets\textures\Fase 1\bg1.jpg to C:\JogosCocos\EducaRedes\build\web-mobile\res\raw-assets\textures\Fase 1\bg1.jpg
2017-12-12T21:33:04.917Z - normal: [build-raw-assets] Start copying C:\JogosCocos\EducaRedes\assets\textures\xulipasoftworks.png to C:\JogosCocos\EducaRedes\build\web-mobile\res\raw-assets\textures\xulipasoftworks.png
2017-12-12T21:33:04.917Z - normal: [build-raw-assets] Start copying C:\JogosCocos\EducaRedes\assets\textures\Fase 3\textwrapper3.png to C:\JogosCocos\EducaRedes\build\web-mobile\res\raw-assets\textures\Fase 3\textwrapper3.png
2017-12-12T21:33:04.917Z - normal: [build-raw-assets] Start copying C:\JogosCocos\EducaRedes\assets\textures\Fase 2\tutorial2.png to C:\JogosCocos\EducaRedes\build\web-mobile\res\raw-assets\textures\Fase 2\tutorial2.png
2017-12-12T21:33:04.920Z - normal: [build-raw-assets] Start copying C:\JogosCocos\EducaRedes\assets\textures\Fase 3\tabrot.png to C:\JogosCocos\EducaRedes\build\web-mobile\res\raw-assets\textures\Fase 3\tabrot.png
2017-12-12T21:33:04.920Z - normal: [build-raw-assets] Start copying C:\JogosCocos\EducaRedes\assets\textures\Buttons\btnCarregarJogo.png to C:\JogosCocos\EducaRedes\build\web-mobile\res\raw-assets\textures\Buttons\btnCarregarJogo.png
2017-12-12T21:33:04.920Z - normal: [build-raw-assets] Start copying C:\JogosCocos\EducaRedes\assets\textures\Buttons\btnCamada2.png to C:\JogosCocos\EducaRedes\build\web-mobile\res\raw-assets\textures\Buttons\btnCamada2.png
2017-12-12T21:33:04.920Z - normal: [build-raw-assets] Start copying C:\JogosCocos\EducaRedes\assets\textures\Fase 4\respostaserrada.png to C:\JogosCocos\EducaRedes\build\web-mobile\res\raw-assets\textures\Fase 4\respostaserrada.png
2017-12-12T21:33:04.920Z - normal: [build-raw-assets] Start copying C:\JogosCocos\EducaRedes\assets\textures\Fase 1\linhagameover.jpg to C:\JogosCocos\EducaRedes\build\web-mobile\res\raw-assets\textures\Fase 1\linhagameover.jpg
2017-12-12T21:33:04.920Z - normal: [build-raw-assets] Start copying C:\JogosCocos\EducaRedes\assets\textures\Fase 2\face2.png to C:\JogosCocos\EducaRedes\build\web-mobile\res\raw-assets\textures\Fase 2\face2.png
2017-12-12T21:33:04.920Z - normal: [build-raw-assets] Start copying C:\JogosCocos\EducaRedes\assets\textures\Fase 4\bgfase2.png to C:\JogosCocos\EducaRedes\build\web-mobile\res\raw-assets\textures\Fase 4\bgfase2.png
2017-12-12T21:33:04.920Z - normal: [build-raw-assets] Start copying C:\JogosCocos\EducaRedes\assets\textures\Buttons\btnTryAgain.png to C:\JogosCocos\EducaRedes\build\web-mobile\res\raw-assets\textures\Buttons\btnTryAgain.png
2017-12-12T21:33:04.922Z - normal: [build-raw-assets] Start copying C:\JogosCocos\EducaRedes\assets\textures\Fase 3\respostas.png to C:\JogosCocos\EducaRedes\build\web-mobile\res\raw-assets\textures\Fase 3\respostas.png
2017-12-12T21:33:04.922Z - normal: [build-raw-assets] Start copying C:\JogosCocos\EducaRedes\assets\textures\Buttons\faixa4.png to C:\JogosCocos\EducaRedes\build\web-mobile\res\raw-assets\textures\Buttons\faixa4.png
2017-12-12T21:33:04.922Z - normal: [build-raw-assets] Start copying C:\JogosCocos\EducaRedes\assets\Music\Professor3 explaining.mp3 to C:\JogosCocos\EducaRedes\build\web-mobile\res\raw-assets\Music\Professor3 explaining.mp3
2017-12-12T21:33:04.922Z - normal: [build-raw-assets] Start copying C:\JogosCocos\EducaRedes\assets\textures\Fase5\topquizbg.png to C:\JogosCocos\EducaRedes\build\web-mobile\res\raw-assets\textures\Fase5\topquizbg.png
2017-12-12T21:33:04.922Z - normal: [build-raw-assets] Start copying C:\JogosCocos\EducaRedes\assets\textures\Fase 4\respostas.png to C:\JogosCocos\EducaRedes\build\web-mobile\res\raw-assets\textures\Fase 4\respostas.png
2017-12-12T21:33:04.922Z - normal: [build-raw-assets] Start copying C:\JogosCocos\EducaRedes\assets\textures\Fase 1\tutoria2.png to C:\JogosCocos\EducaRedes\build\web-mobile\res\raw-assets\textures\Fase 1\tutoria2.png
2017-12-12T21:33:04.923Z - normal: [build-raw-assets] Start copying C:\JogosCocos\EducaRedes\assets\textures\Fase 1\alvo.png to C:\JogosCocos\EducaRedes\build\web-mobile\res\raw-assets\textures\Fase 1\alvo.png
2017-12-12T21:33:04.923Z - normal: [build-raw-assets] Start copying C:\JogosCocos\EducaRedes\assets\textures\Fase 4\portaa.png to C:\JogosCocos\EducaRedes\build\web-mobile\res\raw-assets\textures\Fase 4\portaa.png
2017-12-12T21:33:04.923Z - normal: [build-raw-assets] Start copying C:\JogosCocos\EducaRedes\assets\textures\Buttons\btnVoltar.png to C:\JogosCocos\EducaRedes\build\web-mobile\res\raw-assets\textures\Buttons\btnVoltar.png
2017-12-12T21:33:04.923Z - normal: [build-raw-assets] Start copying C:\JogosCocos\EducaRedes\assets\textures\Fase 3\professor3.png to C:\JogosCocos\EducaRedes\build\web-mobile\res\raw-assets\textures\Fase 3\professor3.png
2017-12-12T21:33:04.923Z - normal: [build-raw-assets] Start copying C:\JogosCocos\EducaRedes\assets\textures\Fase 3\bgquiz.jpg to C:\JogosCocos\EducaRedes\build\web-mobile\res\raw-assets\textures\Fase 3\bgquiz.jpg
2017-12-12T21:33:04.924Z - normal: [build-raw-assets] Start copying C:\JogosCocos\EducaRedes\assets\textures\Buttons\btnPlay.png to C:\JogosCocos\EducaRedes\build\web-mobile\res\raw-assets\textures\Buttons\btnPlay.png
2017-12-12T21:33:04.925Z - normal: [build-raw-assets] Start copying C:\JogosCocos\EducaRedes\assets\textures\Fase 1\jogar.png to C:\JogosCocos\EducaRedes\build\web-mobile\res\raw-assets\textures\Fase 1\jogar.png
2017-12-12T21:33:04.925Z - normal: [build-raw-assets] Start copying C:\JogosCocos\EducaRedes\assets\textures\Fase 2\respostas.png to C:\JogosCocos\EducaRedes\build\web-mobile\res\raw-assets\textures\Fase 2\respostas.png
2017-12-12T21:33:04.925Z - normal: [build-raw-assets] Start copying C:\JogosCocos\EducaRedes\assets\textures\Fase 2\global-internet-thumbnail.jpg to C:\JogosCocos\EducaRedes\build\web-mobile\res\raw-assets\textures\Fase 2\global-internet-thumbnail.jpg
2017-12-12T21:33:04.925Z - normal: [build-raw-assets] Start copying C:\JogosCocos\EducaRedes\assets\textures\Fase 1\faceprofesor1.png to C:\JogosCocos\EducaRedes\build\web-mobile\res\raw-assets\textures\Fase 1\faceprofesor1.png
2017-12-12T21:33:04.926Z - normal: [build-raw-assets] Start copying C:\JogosCocos\EducaRedes\assets\textures\Fase 3\face3.png to C:\JogosCocos\EducaRedes\build\web-mobile\res\raw-assets\textures\Fase 3\face3.png
2017-12-12T21:33:04.926Z - normal: [build-raw-assets] Start copying C:\JogosCocos\EducaRedes\assets\textures\Fase 4\thunderbird-256.e5af8f2b33f3.png to C:\JogosCocos\EducaRedes\build\web-mobile\res\raw-assets\textures\Fase 4\thunderbird-256.e5af8f2b33f3.png
2017-12-12T21:33:04.926Z - normal: [build-raw-assets] Start copying C:\JogosCocos\EducaRedes\assets\textures\Fase 4\MySQL-Logo.png to C:\JogosCocos\EducaRedes\build\web-mobile\res\raw-assets\textures\Fase 4\MySQL-Logo.png
2017-12-12T21:33:04.926Z - normal: [build-raw-assets] Start copying C:\JogosCocos\EducaRedes\assets\textures\Fase 3\nos.png to C:\JogosCocos\EducaRedes\build\web-mobile\res\raw-assets\textures\Fase 3\nos.png
2017-12-12T21:33:04.926Z - normal: [build-raw-assets] Start copying C:\JogosCocos\EducaRedes\assets\textures\bg.jpg to C:\JogosCocos\EducaRedes\build\web-mobile\res\raw-assets\textures\bg.jpg
2017-12-12T21:33:04.927Z - normal: [build-raw-assets] Start copying C:\JogosCocos\EducaRedes\assets\textures\Fase 3\pacote2.png to C:\JogosCocos\EducaRedes\build\web-mobile\res\raw-assets\textures\Fase 3\pacote2.png
2017-12-12T21:33:04.927Z - normal: [build-raw-assets] Start copying C:\JogosCocos\EducaRedes\assets\textures\Buttons\btnSair.png to C:\JogosCocos\EducaRedes\build\web-mobile\res\raw-assets\textures\Buttons\btnSair.png
2017-12-12T21:33:04.927Z - normal: [build-raw-assets] Start copying C:\JogosCocos\EducaRedes\assets\textures\Fase 1\playerfase1.png to C:\JogosCocos\EducaRedes\build\web-mobile\res\raw-assets\textures\Fase 1\playerfase1.png
2017-12-12T21:33:04.927Z - normal: [build-raw-assets] Start copying C:\JogosCocos\EducaRedes\assets\textures\Buttons\btnCamada5.png to C:\JogosCocos\EducaRedes\build\web-mobile\res\raw-assets\textures\Buttons\btnCamada5.png
2017-12-12T21:33:04.927Z - normal: [build-raw-assets] Start copying C:\JogosCocos\EducaRedes\assets\textures\Fase5\bgquiz.jpg to C:\JogosCocos\EducaRedes\build\web-mobile\res\raw-assets\textures\Fase5\bgquiz.jpg
2017-12-12T21:33:04.927Z - normal: [build-raw-assets] Start copying C:\JogosCocos\EducaRedes\assets\textures\Fase 4\porta.png to C:\JogosCocos\EducaRedes\build\web-mobile\res\raw-assets\textures\Fase 4\porta.png
2017-12-12T21:33:04.928Z - normal: [build-raw-assets] Start copying C:\JogosCocos\EducaRedes\assets\textures\Buttons\faixa2.png to C:\JogosCocos\EducaRedes\build\web-mobile\res\raw-assets\textures\Buttons\faixa2.png
2017-12-12T21:33:04.928Z - normal: [build-raw-assets] Start copying C:\JogosCocos\EducaRedes\assets\textures\logo.png to C:\JogosCocos\EducaRedes\build\web-mobile\res\raw-assets\textures\logo.png
2017-12-12T21:33:04.928Z - normal: [build-raw-assets] Start copying C:\JogosCocos\EducaRedes\assets\textures\Fase 3\tutorial1.png to C:\JogosCocos\EducaRedes\build\web-mobile\res\raw-assets\textures\Fase 3\tutorial1.png
2017-12-12T21:33:04.928Z - normal: [build-raw-assets] Start copying C:\JogosCocos\EducaRedes\assets\textures\Fase 4\firefox.png to C:\JogosCocos\EducaRedes\build\web-mobile\res\raw-assets\textures\Fase 4\firefox.png
2017-12-12T21:33:04.928Z - normal: [build-raw-assets] Start copying C:\JogosCocos\EducaRedes\assets\textures\Fase 4\topquizbg.jpg to C:\JogosCocos\EducaRedes\build\web-mobile\res\raw-assets\textures\Fase 4\topquizbg.jpg
2017-12-12T21:33:04.929Z - normal: [build-raw-assets] Start copying C:\JogosCocos\EducaRedes\assets\Music\Professor2 explaining.mp3 to C:\JogosCocos\EducaRedes\build\web-mobile\res\raw-assets\Music\Professor2 explaining.mp3
2017-12-12T21:33:04.929Z - normal: [build-raw-assets] Start copying C:\JogosCocos\EducaRedes\assets\Music\Professor4 explaining again.mp3 to C:\JogosCocos\EducaRedes\build\web-mobile\res\raw-assets\Music\Professor4 explaining again.mp3
2017-12-12T21:33:04.929Z - normal: [build-raw-assets] Start copying C:\JogosCocos\EducaRedes\assets\textures\Fase5\respostascorreta.png to C:\JogosCocos\EducaRedes\build\web-mobile\res\raw-assets\textures\Fase5\respostascorreta.png
2017-12-12T21:33:04.929Z - normal: [build-raw-assets] Start copying C:\JogosCocos\EducaRedes\assets\textures\Fase 2\professor2.png to C:\JogosCocos\EducaRedes\build\web-mobile\res\raw-assets\textures\Fase 2\professor2.png
2017-12-12T21:33:04.929Z - normal: [build-raw-assets] Start copying C:\JogosCocos\EducaRedes\assets\textures\Fase 2\bgquiz.jpg to C:\JogosCocos\EducaRedes\build\web-mobile\res\raw-assets\textures\Fase 2\bgquiz.jpg
2017-12-12T21:33:04.930Z - normal: [build-raw-assets] Start copying C:\JogosCocos\EducaRedes\assets\textures\Buttons\faixa1.png to C:\JogosCocos\EducaRedes\build\web-mobile\res\raw-assets\textures\Buttons\faixa1.png
2017-12-12T21:33:04.930Z - normal: [build-raw-assets] Start copying C:\JogosCocos\EducaRedes\assets\textures\Fase 1\gameoverBG.png to C:\JogosCocos\EducaRedes\build\web-mobile\res\raw-assets\textures\Fase 1\gameoverBG.png
2017-12-12T21:33:04.930Z - normal: [build-raw-assets] Start copying C:\JogosCocos\EducaRedes\assets\textures\Fase 1\topquizbg.png to C:\JogosCocos\EducaRedes\build\web-mobile\res\raw-assets\textures\Fase 1\topquizbg.png
2017-12-12T21:33:04.930Z - normal: [build-raw-assets] Start copying C:\JogosCocos\EducaRedes\assets\textures\Fase5\respostaserrada.png to C:\JogosCocos\EducaRedes\build\web-mobile\res\raw-assets\textures\Fase5\respostaserrada.png
2017-12-12T21:33:04.930Z - normal: [build-raw-assets] Start copying C:\JogosCocos\EducaRedes\assets\textures\prof1mainmenu.png to C:\JogosCocos\EducaRedes\build\web-mobile\res\raw-assets\textures\prof1mainmenu.png
2017-12-12T21:33:04.931Z - normal: [build-raw-assets] Start copying C:\JogosCocos\EducaRedes\assets\Music\Quiz Time.mp3 to C:\JogosCocos\EducaRedes\build\web-mobile\res\raw-assets\Music\Quiz Time.mp3
2017-12-12T21:33:04.931Z - normal: [build-raw-assets] Start copying C:\JogosCocos\EducaRedes\assets\textures\Fase 2\tutorial1.png to C:\JogosCocos\EducaRedes\build\web-mobile\res\raw-assets\textures\Fase 2\tutorial1.png
2017-12-12T21:33:04.931Z - normal: [build-raw-assets] Start copying C:\JogosCocos\EducaRedes\assets\textures\Fase 1\respostascorreta.png to C:\JogosCocos\EducaRedes\build\web-mobile\res\raw-assets\textures\Fase 1\respostascorreta.png
2017-12-12T21:33:04.931Z - normal: [build-raw-assets] Start copying C:\JogosCocos\EducaRedes\assets\textures\Buttons\faixa3.png to C:\JogosCocos\EducaRedes\build\web-mobile\res\raw-assets\textures\Buttons\faixa3.png
2017-12-12T21:33:04.931Z - normal: [build-raw-assets] Start copying C:\JogosCocos\EducaRedes\assets\textures\Fase 1\falaquizprof.png to C:\JogosCocos\EducaRedes\build\web-mobile\res\raw-assets\textures\Fase 1\falaquizprof.png
2017-12-12T21:33:04.932Z - normal: [build-raw-assets] Start copying C:\JogosCocos\EducaRedes\assets\textures\Fase 1\buttondown.png to C:\JogosCocos\EducaRedes\build\web-mobile\res\raw-assets\textures\Fase 1\buttondown.png
2017-12-12T21:33:04.932Z - normal: [build-raw-assets] Start copying C:\JogosCocos\EducaRedes\assets\textures\Fase 1\bgquiz.jpg to C:\JogosCocos\EducaRedes\build\web-mobile\res\raw-assets\textures\Fase 1\bgquiz.jpg
2017-12-12T21:33:04.932Z - normal: [build-raw-assets] Start copying C:\JogosCocos\EducaRedes\assets\textures\Fase 4\professor4.png to C:\JogosCocos\EducaRedes\build\web-mobile\res\raw-assets\textures\Fase 4\professor4.png
2017-12-12T21:33:04.932Z - normal: [build-raw-assets] Start copying C:\JogosCocos\EducaRedes\assets\textures\Fase 1\respostas.png to C:\JogosCocos\EducaRedes\build\web-mobile\res\raw-assets\textures\Fase 1\respostas.png
2017-12-12T21:33:04.932Z - normal: [build-raw-assets] Start copying C:\JogosCocos\EducaRedes\assets\textures\Fase 3\btnrealizarsalto.png to C:\JogosCocos\EducaRedes\build\web-mobile\res\raw-assets\textures\Fase 3\btnrealizarsalto.png
2017-12-12T21:33:04.933Z - normal: [build-raw-assets] Start copying C:\JogosCocos\EducaRedes\assets\textures\Fase 2\internet2.jpg to C:\JogosCocos\EducaRedes\build\web-mobile\res\raw-assets\textures\Fase 2\internet2.jpg
2017-12-12T21:33:04.933Z - normal: [build-raw-assets] Start copying C:\JogosCocos\EducaRedes\assets\textures\Buttons\btnCamada3.png to C:\JogosCocos\EducaRedes\build\web-mobile\res\raw-assets\textures\Buttons\btnCamada3.png
2017-12-12T21:33:04.933Z - normal: [build-raw-assets] Start copying C:\JogosCocos\EducaRedes\assets\Music\logo music.mp3 to C:\JogosCocos\EducaRedes\build\web-mobile\res\raw-assets\Music\logo music.mp3
2017-12-12T21:33:04.933Z - normal: [build-raw-assets] Start copying C:\JogosCocos\EducaRedes\assets\textures\Fase 1\bgfase1.jpg to C:\JogosCocos\EducaRedes\build\web-mobile\res\raw-assets\textures\Fase 1\bgfase1.jpg
2017-12-12T21:33:04.933Z - normal: [build-raw-assets] Start copying C:\JogosCocos\EducaRedes\assets\Music\Professor2 explaining again.mp3 to C:\JogosCocos\EducaRedes\build\web-mobile\res\raw-assets\Music\Professor2 explaining again.mp3
2017-12-12T21:33:04.934Z - normal: [build-raw-assets] Start copying C:\JogosCocos\EducaRedes\assets\textures\Fase 1\tutorial.png to C:\JogosCocos\EducaRedes\build\web-mobile\res\raw-assets\textures\Fase 1\tutorial.png
2017-12-12T21:33:04.934Z - normal: [build-raw-assets] Start copying C:\JogosCocos\EducaRedes\assets\textures\Fase 4\bgquiz.jpg to C:\JogosCocos\EducaRedes\build\web-mobile\res\raw-assets\textures\Fase 4\bgquiz.jpg
2017-12-12T21:33:04.934Z - normal: [build-raw-assets] Start copying C:\JogosCocos\EducaRedes\assets\textures\Fase 4\Google_Chrome.png to C:\JogosCocos\EducaRedes\build\web-mobile\res\raw-assets\textures\Fase 4\Google_Chrome.png
2017-12-12T21:33:05.082Z - normal: [build-raw-assets] Finish copying C:\JogosCocos\EducaRedes\assets\textures\Fase 4\faceProfessor4.png to C:\JogosCocos\EducaRedes\build\web-mobile\res\raw-assets\textures\Fase 4\faceProfessor4.png
2017-12-12T21:33:05.102Z - normal: [build-raw-assets] Finish copying C:\JogosCocos\EducaRedes\assets\textures\Fase 3\respostaserrada.png to C:\JogosCocos\EducaRedes\build\web-mobile\res\raw-assets\textures\Fase 3\respostaserrada.png
2017-12-12T21:33:05.104Z - normal: [build-raw-assets] Finish copying C:\JogosCocos\EducaRedes\assets\textures\Fase 1\eixoy.png to C:\JogosCocos\EducaRedes\build\web-mobile\res\raw-assets\textures\Fase 1\eixoy.png
2017-12-12T21:33:05.107Z - normal: [build-raw-assets] Finish copying C:\JogosCocos\EducaRedes\assets\textures\Fase 2\respostaserrada.png to C:\JogosCocos\EducaRedes\build\web-mobile\res\raw-assets\textures\Fase 2\respostaserrada.png
2017-12-12T21:33:05.107Z - normal: [build-raw-assets] Finish copying C:\JogosCocos\EducaRedes\assets\textures\Fase5\respostas.png to C:\JogosCocos\EducaRedes\build\web-mobile\res\raw-assets\textures\Fase5\respostas.png
2017-12-12T21:33:05.109Z - normal: [build-raw-assets] Finish copying C:\JogosCocos\EducaRedes\assets\textures\Buttons\faixa5.png to C:\JogosCocos\EducaRedes\build\web-mobile\res\raw-assets\textures\Buttons\faixa5.png
2017-12-12T21:33:05.129Z - normal: [build-raw-assets] Finish copying C:\JogosCocos\EducaRedes\assets\textures\Fase 1\buttontryagain.png to C:\JogosCocos\EducaRedes\build\web-mobile\res\raw-assets\textures\Fase 1\buttontryagain.png
2017-12-12T21:33:05.129Z - normal: [build-raw-assets] Finish copying C:\JogosCocos\EducaRedes\assets\textures\Fase 3\pacote3.png to C:\JogosCocos\EducaRedes\build\web-mobile\res\raw-assets\textures\Fase 3\pacote3.png
2017-12-12T21:33:05.129Z - normal: [build-raw-assets] Finish copying C:\JogosCocos\EducaRedes\assets\textures\Fase 4\respostascorreta.png to C:\JogosCocos\EducaRedes\build\web-mobile\res\raw-assets\textures\Fase 4\respostascorreta.png
2017-12-12T21:33:05.129Z - normal: [build-raw-assets] Finish copying C:\JogosCocos\EducaRedes\assets\textures\Fase 3\respostascorreta.png to C:\JogosCocos\EducaRedes\build\web-mobile\res\raw-assets\textures\Fase 3\respostascorreta.png
2017-12-12T21:33:05.129Z - normal: [build-raw-assets] Finish copying C:\JogosCocos\EducaRedes\assets\textures\Fase 1\respostaserrada.png to C:\JogosCocos\EducaRedes\build\web-mobile\res\raw-assets\textures\Fase 1\respostaserrada.png
2017-12-12T21:33:05.129Z - normal: [build-raw-assets] Finish copying C:\JogosCocos\EducaRedes\assets\textures\Fase 3\mensagem.png to C:\JogosCocos\EducaRedes\build\web-mobile\res\raw-assets\textures\Fase 3\mensagem.png
2017-12-12T21:33:05.129Z - normal: [build-raw-assets] Finish copying C:\JogosCocos\EducaRedes\assets\textures\Fase 4\tutorial1.png to C:\JogosCocos\EducaRedes\build\web-mobile\res\raw-assets\textures\Fase 4\tutorial1.png
2017-12-12T21:33:05.129Z - normal: [build-raw-assets] Finish copying C:\JogosCocos\EducaRedes\assets\textures\Fase 1\textwrapper1.png to C:\JogosCocos\EducaRedes\build\web-mobile\res\raw-assets\textures\Fase 1\textwrapper1.png
2017-12-12T21:33:05.132Z - normal: [build-raw-assets] Finish copying C:\JogosCocos\EducaRedes\assets\textures\Buttons\btnContinuar.png to C:\JogosCocos\EducaRedes\build\web-mobile\res\raw-assets\textures\Buttons\btnContinuar.png
2017-12-12T21:33:05.132Z - normal: [build-raw-assets] Finish copying C:\JogosCocos\EducaRedes\assets\textures\Buttons\btnBack.png to C:\JogosCocos\EducaRedes\build\web-mobile\res\raw-assets\textures\Buttons\btnBack.png
2017-12-12T21:33:05.132Z - normal: [build-raw-assets] Finish copying C:\JogosCocos\EducaRedes\assets\textures\Fase 3\pacote1.png to C:\JogosCocos\EducaRedes\build\web-mobile\res\raw-assets\textures\Fase 3\pacote1.png
2017-12-12T21:33:05.132Z - normal: [build-raw-assets] Finish copying C:\JogosCocos\EducaRedes\assets\textures\Fase 1\buttonup.png to C:\JogosCocos\EducaRedes\build\web-mobile\res\raw-assets\textures\Fase 1\buttonup.png
2017-12-12T21:33:05.132Z - normal: [build-raw-assets] Finish copying C:\JogosCocos\EducaRedes\assets\textures\Fase 4\textwrapper4.png to C:\JogosCocos\EducaRedes\build\web-mobile\res\raw-assets\textures\Fase 4\textwrapper4.png
2017-12-12T21:33:05.132Z - normal: [build-raw-assets] Finish copying C:\JogosCocos\EducaRedes\assets\textures\Fase 1\art2.jpg to C:\JogosCocos\EducaRedes\build\web-mobile\res\raw-assets\textures\Fase 1\art2.jpg
2017-12-12T21:33:05.132Z - normal: [build-raw-assets] Finish copying C:\JogosCocos\EducaRedes\assets\textures\Fase 2\textwrapper2.png to C:\JogosCocos\EducaRedes\build\web-mobile\res\raw-assets\textures\Fase 2\textwrapper2.png
2017-12-12T21:33:05.134Z - normal: [build-raw-assets] Finish copying C:\JogosCocos\EducaRedes\assets\textures\Fase 1\buttonfront.png to C:\JogosCocos\EducaRedes\build\web-mobile\res\raw-assets\textures\Fase 1\buttonfront.png
2017-12-12T21:33:05.137Z - normal: [build-raw-assets] Finish copying C:\JogosCocos\EducaRedes\assets\textures\Fase 2\respostascorreta.png to C:\JogosCocos\EducaRedes\build\web-mobile\res\raw-assets\textures\Fase 2\respostascorreta.png
2017-12-12T21:33:05.137Z - normal: [build-raw-assets] Finish copying C:\JogosCocos\EducaRedes\assets\textures\Fase5\textwrapper5.png to C:\JogosCocos\EducaRedes\build\web-mobile\res\raw-assets\textures\Fase5\textwrapper5.png
2017-12-12T21:33:05.137Z - normal: [build-raw-assets] Finish copying C:\JogosCocos\EducaRedes\assets\textures\Fase 4\filezilla.png to C:\JogosCocos\EducaRedes\build\web-mobile\res\raw-assets\textures\Fase 4\filezilla.png
2017-12-12T21:33:05.137Z - normal: [build-raw-assets] Finish copying C:\JogosCocos\EducaRedes\assets\textures\Fase 2\tutorial3.png to C:\JogosCocos\EducaRedes\build\web-mobile\res\raw-assets\textures\Fase 2\tutorial3.png
2017-12-12T21:33:05.137Z - normal: [build-raw-assets] Finish copying C:\JogosCocos\EducaRedes\assets\textures\Buttons\btnFront.png to C:\JogosCocos\EducaRedes\build\web-mobile\res\raw-assets\textures\Buttons\btnFront.png
2017-12-12T21:33:05.139Z - normal: [build-raw-assets] Finish copying C:\JogosCocos\EducaRedes\assets\textures\Fase 1\linha.png to C:\JogosCocos\EducaRedes\build\web-mobile\res\raw-assets\textures\Fase 1\linha.png
2017-12-12T21:33:05.139Z - normal: [build-raw-assets] Finish copying C:\JogosCocos\EducaRedes\assets\textures\Fase 2\topquizbg.png to C:\JogosCocos\EducaRedes\build\web-mobile\res\raw-assets\textures\Fase 2\topquizbg.png
2017-12-12T21:33:05.139Z - normal: [build-raw-assets] Finish copying C:\JogosCocos\EducaRedes\assets\textures\Fase 3\textwrapper3.png to C:\JogosCocos\EducaRedes\build\web-mobile\res\raw-assets\textures\Fase 3\textwrapper3.png
2017-12-12T21:33:05.139Z - normal: [build-raw-assets] Finish copying C:\JogosCocos\EducaRedes\assets\textures\Fase 2\tutorial2.png to C:\JogosCocos\EducaRedes\build\web-mobile\res\raw-assets\textures\Fase 2\tutorial2.png
2017-12-12T21:33:05.139Z - normal: [build-raw-assets] Finish copying C:\JogosCocos\EducaRedes\assets\textures\Fase 4\respostaserrada.png to C:\JogosCocos\EducaRedes\build\web-mobile\res\raw-assets\textures\Fase 4\respostaserrada.png
2017-12-12T21:33:05.139Z - normal: [build-raw-assets] Finish copying C:\JogosCocos\EducaRedes\assets\textures\Fase 1\linhagameover.jpg to C:\JogosCocos\EducaRedes\build\web-mobile\res\raw-assets\textures\Fase 1\linhagameover.jpg
2017-12-12T21:33:05.139Z - normal: [build-raw-assets] Finish copying C:\JogosCocos\EducaRedes\assets\textures\Fase 2\face2.png to C:\JogosCocos\EducaRedes\build\web-mobile\res\raw-assets\textures\Fase 2\face2.png
2017-12-12T21:33:05.142Z - normal: [build-raw-assets] Finish copying C:\JogosCocos\EducaRedes\assets\textures\Fase 3\respostas.png to C:\JogosCocos\EducaRedes\build\web-mobile\res\raw-assets\textures\Fase 3\respostas.png
2017-12-12T21:33:05.142Z - normal: [build-raw-assets] Finish copying C:\JogosCocos\EducaRedes\assets\textures\Fase5\topquizbg.png to C:\JogosCocos\EducaRedes\build\web-mobile\res\raw-assets\textures\Fase5\topquizbg.png
2017-12-12T21:33:05.142Z - normal: [build-raw-assets] Finish copying C:\JogosCocos\EducaRedes\assets\textures\Fase 4\respostas.png to C:\JogosCocos\EducaRedes\build\web-mobile\res\raw-assets\textures\Fase 4\respostas.png
2017-12-12T21:33:05.142Z - normal: [build-raw-assets] Finish copying C:\JogosCocos\EducaRedes\assets\textures\Fase 1\tutoria2.png to C:\JogosCocos\EducaRedes\build\web-mobile\res\raw-assets\textures\Fase 1\tutoria2.png
2017-12-12T21:33:05.142Z - normal: [build-raw-assets] Finish copying C:\JogosCocos\EducaRedes\assets\textures\Fase 1\alvo.png to C:\JogosCocos\EducaRedes\build\web-mobile\res\raw-assets\textures\Fase 1\alvo.png
2017-12-12T21:33:05.142Z - normal: [build-raw-assets] Finish copying C:\JogosCocos\EducaRedes\assets\textures\Buttons\faixa4.png to C:\JogosCocos\EducaRedes\build\web-mobile\res\raw-assets\textures\Buttons\faixa4.png
2017-12-12T21:33:05.142Z - normal: [build-raw-assets] Finish copying C:\JogosCocos\EducaRedes\assets\textures\Buttons\btnVoltar.png to C:\JogosCocos\EducaRedes\build\web-mobile\res\raw-assets\textures\Buttons\btnVoltar.png
2017-12-12T21:33:05.142Z - normal: [build-raw-assets] Finish copying C:\JogosCocos\EducaRedes\assets\textures\Fase 1\jogar.png to C:\JogosCocos\EducaRedes\build\web-mobile\res\raw-assets\textures\Fase 1\jogar.png
2017-12-12T21:33:05.144Z - normal: [build-raw-assets] Finish copying C:\JogosCocos\EducaRedes\assets\textures\Fase 2\respostas.png to C:\JogosCocos\EducaRedes\build\web-mobile\res\raw-assets\textures\Fase 2\respostas.png
2017-12-12T21:33:05.147Z - normal: [build-raw-assets] Finish copying C:\JogosCocos\EducaRedes\assets\textures\Fase 3\face3.png to C:\JogosCocos\EducaRedes\build\web-mobile\res\raw-assets\textures\Fase 3\face3.png
2017-12-12T21:33:05.147Z - normal: [build-raw-assets] Finish copying C:\JogosCocos\EducaRedes\assets\textures\Fase 4\MySQL-Logo.png to C:\JogosCocos\EducaRedes\build\web-mobile\res\raw-assets\textures\Fase 4\MySQL-Logo.png
2017-12-12T21:33:05.147Z - normal: [build-raw-assets] Finish copying C:\JogosCocos\EducaRedes\assets\textures\Fase 3\nos.png to C:\JogosCocos\EducaRedes\build\web-mobile\res\raw-assets\textures\Fase 3\nos.png
2017-12-12T21:33:05.147Z - normal: [build-raw-assets] Finish copying C:\JogosCocos\EducaRedes\assets\textures\Fase 3\pacote2.png to C:\JogosCocos\EducaRedes\build\web-mobile\res\raw-assets\textures\Fase 3\pacote2.png
2017-12-12T21:33:05.147Z - normal: [build-raw-assets] Finish copying C:\JogosCocos\EducaRedes\assets\textures\Fase 1\playerfase1.png to C:\JogosCocos\EducaRedes\build\web-mobile\res\raw-assets\textures\Fase 1\playerfase1.png
2017-12-12T21:33:05.149Z - normal: [build-raw-assets] Finish copying C:\JogosCocos\EducaRedes\assets\textures\Fase5\respostascorreta.png to C:\JogosCocos\EducaRedes\build\web-mobile\res\raw-assets\textures\Fase5\respostascorreta.png
2017-12-12T21:33:05.149Z - normal: [build-raw-assets] Finish copying C:\JogosCocos\EducaRedes\assets\textures\Fase 1\gameoverBG.png to C:\JogosCocos\EducaRedes\build\web-mobile\res\raw-assets\textures\Fase 1\gameoverBG.png
2017-12-12T21:33:05.149Z - normal: [build-raw-assets] Finish copying C:\JogosCocos\EducaRedes\assets\textures\Fase 1\topquizbg.png to C:\JogosCocos\EducaRedes\build\web-mobile\res\raw-assets\textures\Fase 1\topquizbg.png
2017-12-12T21:33:05.149Z - normal: [build-raw-assets] Finish copying C:\JogosCocos\EducaRedes\assets\textures\Fase5\respostaserrada.png to C:\JogosCocos\EducaRedes\build\web-mobile\res\raw-assets\textures\Fase5\respostaserrada.png
2017-12-12T21:33:05.152Z - normal: [build-raw-assets] Finish copying C:\JogosCocos\EducaRedes\assets\textures\Fase 2\tutorial1.png to C:\JogosCocos\EducaRedes\build\web-mobile\res\raw-assets\textures\Fase 2\tutorial1.png
2017-12-12T21:33:05.152Z - normal: [build-raw-assets] Finish copying C:\JogosCocos\EducaRedes\assets\textures\Fase 1\respostascorreta.png to C:\JogosCocos\EducaRedes\build\web-mobile\res\raw-assets\textures\Fase 1\respostascorreta.png
2017-12-12T21:33:05.152Z - normal: [build-raw-assets] Finish copying C:\JogosCocos\EducaRedes\assets\textures\Buttons\faixa2.png to C:\JogosCocos\EducaRedes\build\web-mobile\res\raw-assets\textures\Buttons\faixa2.png
2017-12-12T21:33:05.152Z - normal: [build-raw-assets] Finish copying C:\JogosCocos\EducaRedes\assets\textures\Buttons\faixa1.png to C:\JogosCocos\EducaRedes\build\web-mobile\res\raw-assets\textures\Buttons\faixa1.png
2017-12-12T21:33:05.152Z - normal: [build-raw-assets] Finish copying C:\JogosCocos\EducaRedes\assets\textures\Fase 1\falaquizprof.png to C:\JogosCocos\EducaRedes\build\web-mobile\res\raw-assets\textures\Fase 1\falaquizprof.png
2017-12-12T21:33:05.152Z - normal: [build-raw-assets] Finish copying C:\JogosCocos\EducaRedes\assets\textures\Fase 1\respostas.png to C:\JogosCocos\EducaRedes\build\web-mobile\res\raw-assets\textures\Fase 1\respostas.png
2017-12-12T21:33:05.152Z - normal: [build-raw-assets] Finish copying C:\JogosCocos\EducaRedes\assets\textures\Fase 1\buttondown.png to C:\JogosCocos\EducaRedes\build\web-mobile\res\raw-assets\textures\Fase 1\buttondown.png
2017-12-12T21:33:05.152Z - normal: [build-raw-assets] Finish copying C:\JogosCocos\EducaRedes\assets\textures\Fase 3\btnrealizarsalto.png to C:\JogosCocos\EducaRedes\build\web-mobile\res\raw-assets\textures\Fase 3\btnrealizarsalto.png
2017-12-12T21:33:05.152Z - normal: [build-raw-assets] Finish copying C:\JogosCocos\EducaRedes\assets\textures\Buttons\faixa3.png to C:\JogosCocos\EducaRedes\build\web-mobile\res\raw-assets\textures\Buttons\faixa3.png
2017-12-12T21:33:05.154Z - normal: [build-raw-assets] Finish copying C:\JogosCocos\EducaRedes\assets\textures\Fase 1\tutorial.png to C:\JogosCocos\EducaRedes\build\web-mobile\res\raw-assets\textures\Fase 1\tutorial.png
2017-12-12T21:33:05.154Z - normal: [build-raw-assets] Finish copying C:\JogosCocos\EducaRedes\assets\textures\Fase 3\tutorial2.png to C:\JogosCocos\EducaRedes\build\web-mobile\res\raw-assets\textures\Fase 3\tutorial2.png
2017-12-12T21:33:05.157Z - normal: [build-raw-assets] Finish copying C:\JogosCocos\EducaRedes\assets\textures\Fase 1\eixox.png to C:\JogosCocos\EducaRedes\build\web-mobile\res\raw-assets\textures\Fase 1\eixox.png
2017-12-12T21:33:05.157Z - normal: [build-raw-assets] Finish copying C:\JogosCocos\EducaRedes\assets\textures\Fase 4\tutorial2.png to C:\JogosCocos\EducaRedes\build\web-mobile\res\raw-assets\textures\Fase 4\tutorial2.png
2017-12-12T21:33:05.157Z - normal: [build-raw-assets] Finish copying C:\JogosCocos\EducaRedes\assets\textures\Fase 2\modelorede.png to C:\JogosCocos\EducaRedes\build\web-mobile\res\raw-assets\textures\Fase 2\modelorede.png
2017-12-12T21:33:05.157Z - normal: [build-raw-assets] Finish copying C:\JogosCocos\EducaRedes\assets\textures\Buttons\btnNovoJogo.png to C:\JogosCocos\EducaRedes\build\web-mobile\res\raw-assets\textures\Buttons\btnNovoJogo.png
2017-12-12T21:33:05.159Z - normal: [build-raw-assets] Finish copying C:\JogosCocos\EducaRedes\assets\textures\Fase 3\topquizbg.jpg to C:\JogosCocos\EducaRedes\build\web-mobile\res\raw-assets\textures\Fase 3\topquizbg.jpg
2017-12-12T21:33:05.159Z - normal: [build-raw-assets] Finish copying C:\JogosCocos\EducaRedes\assets\textures\Fase 3\tabrot.png to C:\JogosCocos\EducaRedes\build\web-mobile\res\raw-assets\textures\Fase 3\tabrot.png
2017-12-12T21:33:05.159Z - normal: [build-raw-assets] Finish copying C:\JogosCocos\EducaRedes\assets\textures\Buttons\btnSelectStage.png to C:\JogosCocos\EducaRedes\build\web-mobile\res\raw-assets\textures\Buttons\btnSelectStage.png
2017-12-12T21:33:05.162Z - normal: [build-raw-assets] Finish copying C:\JogosCocos\EducaRedes\assets\textures\Buttons\btnCarregarJogo.png to C:\JogosCocos\EducaRedes\build\web-mobile\res\raw-assets\textures\Buttons\btnCarregarJogo.png
2017-12-12T21:33:05.162Z - normal: [build-raw-assets] Finish copying C:\JogosCocos\EducaRedes\assets\textures\Buttons\btnTryAgain.png to C:\JogosCocos\EducaRedes\build\web-mobile\res\raw-assets\textures\Buttons\btnTryAgain.png
2017-12-12T21:33:05.162Z - normal: [build-raw-assets] Finish copying C:\JogosCocos\EducaRedes\assets\textures\Fase 4\thunderbird-256.e5af8f2b33f3.png to C:\JogosCocos\EducaRedes\build\web-mobile\res\raw-assets\textures\Fase 4\thunderbird-256.e5af8f2b33f3.png
2017-12-12T21:33:05.162Z - normal: [build-raw-assets] Finish copying C:\JogosCocos\EducaRedes\assets\textures\Buttons\btnPlay.png to C:\JogosCocos\EducaRedes\build\web-mobile\res\raw-assets\textures\Buttons\btnPlay.png
2017-12-12T21:33:05.162Z - normal: [build-raw-assets] Finish copying C:\JogosCocos\EducaRedes\assets\textures\Buttons\btnSair.png to C:\JogosCocos\EducaRedes\build\web-mobile\res\raw-assets\textures\Buttons\btnSair.png
2017-12-12T21:33:05.167Z - normal: [build-raw-assets] Finish copying C:\JogosCocos\EducaRedes\assets\textures\Fase 3\tutorial1.png to C:\JogosCocos\EducaRedes\build\web-mobile\res\raw-assets\textures\Fase 3\tutorial1.png
2017-12-12T21:33:05.167Z - normal: [build-raw-assets] Finish copying C:\JogosCocos\EducaRedes\assets\textures\Fase 4\topquizbg.jpg to C:\JogosCocos\EducaRedes\build\web-mobile\res\raw-assets\textures\Fase 4\topquizbg.jpg
2017-12-12T21:33:05.169Z - normal: [build-raw-assets] Finish copying C:\JogosCocos\EducaRedes\assets\textures\Fase 4\Google_Chrome.png to C:\JogosCocos\EducaRedes\build\web-mobile\res\raw-assets\textures\Fase 4\Google_Chrome.png
2017-12-12T21:33:05.169Z - normal: [build-raw-assets] Finish copying C:\JogosCocos\EducaRedes\assets\textures\prof4mainmenu.png to C:\JogosCocos\EducaRedes\build\web-mobile\res\raw-assets\textures\prof4mainmenu.png
2017-12-12T21:33:05.172Z - normal: [build-raw-assets] Finish copying C:\JogosCocos\EducaRedes\assets\textures\Fase 4\skype.png to C:\JogosCocos\EducaRedes\build\web-mobile\res\raw-assets\textures\Fase 4\skype.png
2017-12-12T21:33:05.172Z - normal: [build-raw-assets] Finish copying C:\JogosCocos\EducaRedes\assets\textures\Buttons\btnCamada1.png to C:\JogosCocos\EducaRedes\build\web-mobile\res\raw-assets\textures\Buttons\btnCamada1.png
2017-12-12T21:33:05.172Z - normal: [build-raw-assets] Finish copying C:\JogosCocos\EducaRedes\assets\textures\prof3mainmenu.png to C:\JogosCocos\EducaRedes\build\web-mobile\res\raw-assets\textures\prof3mainmenu.png
2017-12-12T21:33:05.174Z - normal: [build-raw-assets] Finish copying C:\JogosCocos\EducaRedes\assets\textures\Fase 4\firefox.png to C:\JogosCocos\EducaRedes\build\web-mobile\res\raw-assets\textures\Fase 4\firefox.png
2017-12-12T21:33:05.177Z - normal: [build-raw-assets] Finish copying C:\JogosCocos\EducaRedes\assets\textures\prof1mainmenu.png to C:\JogosCocos\EducaRedes\build\web-mobile\res\raw-assets\textures\prof1mainmenu.png
2017-12-12T21:33:05.177Z - normal: [build-raw-assets] Finish copying C:\JogosCocos\EducaRedes\assets\textures\Buttons\btnCamada5.png to C:\JogosCocos\EducaRedes\build\web-mobile\res\raw-assets\textures\Buttons\btnCamada5.png
2017-12-12T21:33:05.177Z - normal: [build-raw-assets] Finish copying C:\JogosCocos\EducaRedes\assets\textures\Fase 3\linha.png to C:\JogosCocos\EducaRedes\build\web-mobile\res\raw-assets\textures\Fase 3\linha.png
2017-12-12T21:33:05.179Z - normal: [build-raw-assets] Finish copying C:\JogosCocos\EducaRedes\assets\textures\prof2mainmenu.png to C:\JogosCocos\EducaRedes\build\web-mobile\res\raw-assets\textures\prof2mainmenu.png
2017-12-12T21:33:05.179Z - normal: [build-raw-assets] Finish copying C:\JogosCocos\EducaRedes\assets\textures\Buttons\btnCamada4.png to C:\JogosCocos\EducaRedes\build\web-mobile\res\raw-assets\textures\Buttons\btnCamada4.png
2017-12-12T21:33:05.179Z - normal: [build-raw-assets] Finish copying C:\JogosCocos\EducaRedes\assets\textures\Buttons\btnCamada2.png to C:\JogosCocos\EducaRedes\build\web-mobile\res\raw-assets\textures\Buttons\btnCamada2.png
2017-12-12T21:33:05.187Z - normal: [build-raw-assets] Finish copying C:\JogosCocos\EducaRedes\assets\Music\logo music.mp3 to C:\JogosCocos\EducaRedes\build\web-mobile\res\raw-assets\Music\logo music.mp3
2017-12-12T21:33:05.187Z - normal: [build-raw-assets] Finish copying C:\JogosCocos\EducaRedes\assets\textures\Buttons\btnCamada3.png to C:\JogosCocos\EducaRedes\build\web-mobile\res\raw-assets\textures\Buttons\btnCamada3.png
2017-12-12T21:33:05.189Z - normal: [build-raw-assets] Finish copying C:\JogosCocos\EducaRedes\assets\textures\xulipasoftworks.png to C:\JogosCocos\EducaRedes\build\web-mobile\res\raw-assets\textures\xulipasoftworks.png
2017-12-12T21:33:05.192Z - normal: [build-raw-assets] Finish copying C:\JogosCocos\EducaRedes\assets\Music\Main Menu Song.mp3 to C:\JogosCocos\EducaRedes\build\web-mobile\res\raw-assets\Music\Main Menu Song.mp3
2017-12-12T21:33:05.194Z - normal: [build-raw-assets] Finish copying C:\JogosCocos\EducaRedes\assets\textures\Fase 4\portaa.png to C:\JogosCocos\EducaRedes\build\web-mobile\res\raw-assets\textures\Fase 4\portaa.png
2017-12-12T21:33:05.199Z - normal: [build-raw-assets] Finish copying C:\JogosCocos\EducaRedes\assets\textures\Fase 1\Prof1.png to C:\JogosCocos\EducaRedes\build\web-mobile\res\raw-assets\textures\Fase 1\Prof1.png
2017-12-12T21:33:05.204Z - normal: [build-raw-assets] Finish copying C:\JogosCocos\EducaRedes\assets\textures\Fase 3\professor3.png to C:\JogosCocos\EducaRedes\build\web-mobile\res\raw-assets\textures\Fase 3\professor3.png
2017-12-12T21:33:05.204Z - normal: [build-raw-assets] Finish copying C:\JogosCocos\EducaRedes\assets\textures\Fase 1\faceprofesor1.png to C:\JogosCocos\EducaRedes\build\web-mobile\res\raw-assets\textures\Fase 1\faceprofesor1.png
2017-12-12T21:33:05.207Z - normal: [build-raw-assets] Finish copying C:\JogosCocos\EducaRedes\assets\textures\Fase 4\porta.png to C:\JogosCocos\EducaRedes\build\web-mobile\res\raw-assets\textures\Fase 4\porta.png
2017-12-12T21:33:05.207Z - normal: [build-raw-assets] Finish copying C:\JogosCocos\EducaRedes\assets\textures\prof5mainmenu.png to C:\JogosCocos\EducaRedes\build\web-mobile\res\raw-assets\textures\prof5mainmenu.png
2017-12-12T21:33:05.209Z - normal: [build-raw-assets] Finish copying C:\JogosCocos\EducaRedes\assets\textures\Fase 4\professor4.png to C:\JogosCocos\EducaRedes\build\web-mobile\res\raw-assets\textures\Fase 4\professor4.png
2017-12-12T21:33:05.209Z - normal: [build-raw-assets] Finish copying C:\JogosCocos\EducaRedes\assets\textures\Fase 4\bg.jpg to C:\JogosCocos\EducaRedes\build\web-mobile\res\raw-assets\textures\Fase 4\bg.jpg
2017-12-12T21:33:05.212Z - normal: [build-raw-assets] Finish copying C:\JogosCocos\EducaRedes\assets\textures\Fase 4\bgfase2.png to C:\JogosCocos\EducaRedes\build\web-mobile\res\raw-assets\textures\Fase 4\bgfase2.png
2017-12-12T21:33:05.214Z - normal: [build-raw-assets] Finish copying C:\JogosCocos\EducaRedes\assets\textures\Fase 2\professor2.png to C:\JogosCocos\EducaRedes\build\web-mobile\res\raw-assets\textures\Fase 2\professor2.png
2017-12-12T21:33:05.219Z - normal: [build-raw-assets] Finish copying C:\JogosCocos\EducaRedes\assets\textures\Fase 1\bgfase1.jpg to C:\JogosCocos\EducaRedes\build\web-mobile\res\raw-assets\textures\Fase 1\bgfase1.jpg
2017-12-12T21:33:05.219Z - normal: [build-raw-assets] Finish copying C:\JogosCocos\EducaRedes\assets\textures\Fase 1\bg1.jpg to C:\JogosCocos\EducaRedes\build\web-mobile\res\raw-assets\textures\Fase 1\bg1.jpg
2017-12-12T21:33:05.222Z - normal: [build-raw-assets] Finish copying C:\JogosCocos\EducaRedes\assets\textures\logo.png to C:\JogosCocos\EducaRedes\build\web-mobile\res\raw-assets\textures\logo.png
2017-12-12T21:33:05.224Z - normal: [build-raw-assets] Finish copying C:\JogosCocos\EducaRedes\assets\textures\Fase 1\bg2.jpg to C:\JogosCocos\EducaRedes\build\web-mobile\res\raw-assets\textures\Fase 1\bg2.jpg
2017-12-12T21:33:05.229Z - normal: [build-raw-assets] Finish copying C:\JogosCocos\EducaRedes\assets\textures\Fase 2\internet2.jpg to C:\JogosCocos\EducaRedes\build\web-mobile\res\raw-assets\textures\Fase 2\internet2.jpg
2017-12-12T21:33:05.232Z - normal: [build-raw-assets] Finish copying C:\JogosCocos\EducaRedes\assets\Music\Professor4 explaining.mp3 to C:\JogosCocos\EducaRedes\build\web-mobile\res\raw-assets\Music\Professor4 explaining.mp3
2017-12-12T21:33:05.234Z - normal: [build-raw-assets] Finish copying C:\JogosCocos\EducaRedes\assets\Music\Professor3 explaining again.mp3 to C:\JogosCocos\EducaRedes\build\web-mobile\res\raw-assets\Music\Professor3 explaining again.mp3
2017-12-12T21:33:05.234Z - normal: [build-raw-assets] Finish copying C:\JogosCocos\EducaRedes\assets\Music\Professor3 explaining.mp3 to C:\JogosCocos\EducaRedes\build\web-mobile\res\raw-assets\Music\Professor3 explaining.mp3
2017-12-12T21:33:05.234Z - normal: [build-raw-assets] Finish copying C:\JogosCocos\EducaRedes\assets\Music\Professor2 explaining.mp3 to C:\JogosCocos\EducaRedes\build\web-mobile\res\raw-assets\Music\Professor2 explaining.mp3
2017-12-12T21:33:05.237Z - normal: [build-raw-assets] Finish copying C:\JogosCocos\EducaRedes\assets\Music\Professor4 explaining again.mp3 to C:\JogosCocos\EducaRedes\build\web-mobile\res\raw-assets\Music\Professor4 explaining again.mp3
2017-12-12T21:33:05.242Z - normal: [build-raw-assets] Finish copying C:\JogosCocos\EducaRedes\assets\textures\Fase 2\global-internet-thumbnail.jpg to C:\JogosCocos\EducaRedes\build\web-mobile\res\raw-assets\textures\Fase 2\global-internet-thumbnail.jpg
2017-12-12T21:33:05.244Z - normal: [build-raw-assets] Finish copying C:\JogosCocos\EducaRedes\assets\Music\Professor2 explaining again.mp3 to C:\JogosCocos\EducaRedes\build\web-mobile\res\raw-assets\Music\Professor2 explaining again.mp3
2017-12-12T21:33:05.244Z - normal: [build-raw-assets] Finish copying C:\JogosCocos\EducaRedes\assets\Music\final test.mp3 to C:\JogosCocos\EducaRedes\build\web-mobile\res\raw-assets\Music\final test.mp3
2017-12-12T21:33:05.254Z - normal: [build-raw-assets] Finish copying C:\JogosCocos\EducaRedes\assets\textures\Fase 1\bgquiz.jpg to C:\JogosCocos\EducaRedes\build\web-mobile\res\raw-assets\textures\Fase 1\bgquiz.jpg
2017-12-12T21:33:05.254Z - normal: [build-raw-assets] Finish copying C:\JogosCocos\EducaRedes\assets\Music\Professor1 explaining again.mp3 to C:\JogosCocos\EducaRedes\build\web-mobile\res\raw-assets\Music\Professor1 explaining again.mp3
2017-12-12T21:33:05.257Z - normal: [build-raw-assets] Finish copying C:\JogosCocos\EducaRedes\assets\textures\Fase 3\bgquiz.jpg to C:\JogosCocos\EducaRedes\build\web-mobile\res\raw-assets\textures\Fase 3\bgquiz.jpg
2017-12-12T21:33:05.262Z - normal: [build-raw-assets] Finish copying C:\JogosCocos\EducaRedes\assets\textures\Fase 3\bg.jpg to C:\JogosCocos\EducaRedes\build\web-mobile\res\raw-assets\textures\Fase 3\bg.jpg
2017-12-12T21:33:05.262Z - normal: [build-raw-assets] Finish copying C:\JogosCocos\EducaRedes\assets\textures\Fase 2\bgquiz.jpg to C:\JogosCocos\EducaRedes\build\web-mobile\res\raw-assets\textures\Fase 2\bgquiz.jpg
2017-12-12T21:33:05.262Z - normal: [build-raw-assets] Finish copying C:\JogosCocos\EducaRedes\assets\textures\Fase 3\bgfase1.jpg to C:\JogosCocos\EducaRedes\build\web-mobile\res\raw-assets\textures\Fase 3\bgfase1.jpg
2017-12-12T21:33:05.267Z - normal: [build-raw-assets] Finish copying C:\JogosCocos\EducaRedes\assets\Music\Quiz Time.mp3 to C:\JogosCocos\EducaRedes\build\web-mobile\res\raw-assets\Music\Quiz Time.mp3
2017-12-12T21:33:05.272Z - normal: [build-raw-assets] Finish copying C:\JogosCocos\EducaRedes\assets\Music\Professor1 explaining.mp3 to C:\JogosCocos\EducaRedes\build\web-mobile\res\raw-assets\Music\Professor1 explaining.mp3
2017-12-12T21:33:05.277Z - normal: [build-raw-assets] Finish copying C:\JogosCocos\EducaRedes\assets\textures\Fase5\bgquiz.jpg to C:\JogosCocos\EducaRedes\build\web-mobile\res\raw-assets\textures\Fase5\bgquiz.jpg
2017-12-12T21:33:05.279Z - normal: [build-raw-assets] Finish copying C:\JogosCocos\EducaRedes\assets\textures\Fase 4\bgquiz.jpg to C:\JogosCocos\EducaRedes\build\web-mobile\res\raw-assets\textures\Fase 4\bgquiz.jpg
2017-12-12T21:33:05.287Z - normal: [build-raw-assets] Finish copying C:\JogosCocos\EducaRedes\assets\textures\bg.jpg to C:\JogosCocos\EducaRedes\build\web-mobile\res\raw-assets\textures\bg.jpg
2017-12-12T21:33:05.287Z - normal: Finish building raw assets
2017-12-12T21:33:05.324Z - normal: Generating main.js from C:\CocosCreator\resources\static\build-templates\shares\main.js
2017-12-12T21:33:05.417Z - normal: Generating html from C:\CocosCreator\resources\static\build-templates\web-mobile\template\index.html
2017-12-12T21:33:05.424Z - normal: Built to "C:\JogosCocos\EducaRedes\build\web-mobile" successfully
2017-12-12T21:33:08.079Z - error: Error: getaddrinfo ENOENT metrics.sdkbox.com:80
    at Object.exports._errnoException (util.js:1026:11)
    at errnoException (dns.js:33:15)
    at GetAddrInfoReqWrap.onlookup [as oncomplete] (dns.js:76:26)
    at process.<anonymous> (C:\CocosCreator\resources\app.asar\editor\core\editor-init.js:1:983)
    at emitOne (events.js:101:20)
    at process.emit (events.js:188:7)
    at process._fatalException (bootstrap_node.js:304:26)
2017-12-12T21:33:09.796Z - error: Error: getaddrinfo ENOENT metrics.sdkbox.com:80
    at Object.exports._errnoException (util.js:1026:11)
    at errnoException (dns.js:33:15)
    at GetAddrInfoReqWrap.onlookup [as oncomplete] (dns.js:76:26)
    at process.<anonymous> (C:\CocosCreator\resources\app.asar\editor\core\editor-init.js:1:983)
    at emitOne (events.js:101:20)
    at process.emit (events.js:188:7)
    at process._fatalException (bootstrap_node.js:304:26)
2017-12-12T21:33:12.016Z - error: Error: getaddrinfo ENOENT metrics.sdkbox.com:80
    at Object.exports._errnoException (util.js:1026:11)
    at errnoException (dns.js:33:15)
    at GetAddrInfoReqWrap.onlookup [as oncomplete] (dns.js:76:26)
    at process.<anonymous> (C:\CocosCreator\resources\app.asar\editor\core\editor-init.js:1:983)
    at emitOne (events.js:101:20)
    at process.emit (events.js:188:7)
    at process._fatalException (bootstrap_node.js:304:26)
2017-12-12T21:33:15.560Z - error: Error: getaddrinfo ENOENT metrics.sdkbox.com:80
    at Object.exports._errnoException (util.js:1026:11)
    at errnoException (dns.js:33:15)
    at GetAddrInfoReqWrap.onlookup [as oncomplete] (dns.js:76:26)
    at process.<anonymous> (C:\CocosCreator\resources\app.asar\editor\core\editor-init.js:1:983)
    at emitOne (events.js:101:20)
    at process.emit (events.js:188:7)
    at process._fatalException (bootstrap_node.js:304:26)
2017-12-12T21:33:21.477Z - info: shutdown preview server
2017-12-12T21:33:21.480Z - error: Error: getaddrinfo ENOENT metrics.sdkbox.com:80
    at Object.exports._errnoException (util.js:1026:11)
    at errnoException (dns.js:33:15)
    at GetAddrInfoReqWrap.onlookup [as oncomplete] (dns.js:76:26)
    at process.<anonymous> (C:\CocosCreator\resources\app.asar\editor\core\editor-init.js:1:983)
    at emitOne (events.js:101:20)
    at process.emit (events.js:188:7)
    at process._fatalException (bootstrap_node.js:304:26)
2017-12-12T21:33:21.480Z - error: Error: getaddrinfo ENOENT metrics.sdkbox.com:80
    at Object.exports._errnoException (util.js:1026:11)
    at errnoException (dns.js:33:15)
    at GetAddrInfoReqWrap.onlookup [as oncomplete] (dns.js:76:26)
    at process.<anonymous> (C:\CocosCreator\resources\app.asar\editor\core\editor-init.js:1:983)
    at emitOne (events.js:101:20)
    at process.emit (events.js:188:7)
    at process._fatalException (bootstrap_node.js:304:26)
